INFO: [2018-10-01 12:15:55.469][vtEngine.py:225][124904:MainThread] 接口不存在：SGIT
INFO: [2018-10-01 12:15:55.469][vtEngine.py:225][124904:MainThread] 接口不存在：SGIT
INFO: [2018-10-01 12:15:55.469][vtEngine.py:225][124904:MainThread] 接口不存在：SGIT
INFO: [2018-10-01 12:15:55.469][vtEngine.py:225][124904:MainThread] 接口不存在：SGIT
INFO: [2018-10-01 12:16:05.62][ctaEngine.py:582][124904:MainThread] CTA引擎启动成功
INFO: [2018-10-01 12:16:07.92][ctaEngine.py:582][124904:MainThread] StrategyName:基类设置参数
INFO: [2018-10-01 12:16:07.92][ctaEngine.py:582][124904:MainThread] S30_RB1001:策略初始化
INFO: [2018-10-01 12:16:07.92][ctaEngine.py:582][124904:MainThread] S30_RB1001:__initGrids(),初始化网格交易器
INFO: [2018-10-01 12:16:07.94][ctaEngine.py:582][124904:MainThread] S30_RB1001:初始化网格队列，upline:300,dnline:-300
INFO: [2018-10-01 12:16:07.95][ctaEngine.py:582][124904:MainThread] S30_RB1001:开始加载上网格文件D:\lab\vnpy_Lei\vnpy\trader\app\ctaStrategy\data\S30_RB1001_upGrids.json
INFO: [2018-10-01 12:16:07.95][ctaEngine.py:582][124904:MainThread] S30_RB1001:网格保存文件D:\lab\vnpy_Lei\vnpy\trader\app\ctaStrategy\data\S30_RB1001_upGrids.json不存在
INFO: [2018-10-01 12:16:07.95][ctaEngine.py:582][124904:MainThread] S30_RB1001:上网格300~345初始化完成
INFO: [2018-10-01 12:16:07.101][ctaEngine.py:582][124904:MainThread] S30_RB1001:开始加载上网格文件D:\lab\vnpy_Lei\vnpy\trader\app\ctaStrategy\data\S30_RB1001_dnGrids.json
INFO: [2018-10-01 12:16:07.101][ctaEngine.py:582][124904:MainThread] S30_RB1001:网格保存文件D:\lab\vnpy_Lei\vnpy\trader\app\ctaStrategy\data\S30_RB1001_dnGrids.json不存在
INFO: [2018-10-01 12:16:07.102][ctaEngine.py:582][124904:MainThread] S30_RB1001:下网格-300~-345初始化完成
INFO: [2018-10-01 12:16:07.108][ctaEngine.py:582][124904:MainThread] S30_RB1001:__initGrids(),初始化网格完成
INFO: [2018-10-01 12:16:07.108][ctaEngine.py:582][124904:MainThread] S30_RB1001:策略初始化完成
INFO: [2018-10-01 12:16:07.108][ctaEngine.py:582][124904:MainThread] 添加合约rb1710与策略的匹配目录
INFO: [2018-10-01 12:16:07.108][ctaEngine.py:582][124904:MainThread] 向gateway订阅合约rb1710
INFO: [2018-10-01 12:16:07.109][ctaEngine.py:582][124904:MainThread] 添加合约rb1801与策略的匹配目录
INFO: [2018-10-01 12:16:07.109][ctaEngine.py:582][124904:MainThread] 向gateway订阅合约rb1801
INFO: [2018-10-01 12:16:07.109][ctaEngine.py:582][124904:MainThread] StrategyName:基类设置参数
INFO: [2018-10-01 12:16:07.111][ctaEngine.py:582][124904:MainThread] S30_HCRB10:策略初始化
INFO: [2018-10-01 12:16:07.111][ctaEngine.py:582][124904:MainThread] S30_HCRB10:__initGrids(),初始化网格交易器
INFO: [2018-10-01 12:16:07.111][ctaEngine.py:582][124904:MainThread] S30_HCRB10:初始化网格队列，upline:300,dnline:10
INFO: [2018-10-01 12:16:07.111][ctaEngine.py:582][124904:MainThread] S30_HCRB10:开始加载上网格文件D:\lab\vnpy_Lei\vnpy\trader\app\ctaStrategy\data\S30_HCRB10_upGrids.json
INFO: [2018-10-01 12:16:07.111][ctaEngine.py:582][124904:MainThread] S30_HCRB10:网格保存文件D:\lab\vnpy_Lei\vnpy\trader\app\ctaStrategy\data\S30_HCRB10_upGrids.json不存在
INFO: [2018-10-01 12:16:07.112][ctaEngine.py:582][124904:MainThread] S30_HCRB10:上网格300~345初始化完成
INFO: [2018-10-01 12:16:07.117][ctaEngine.py:582][124904:MainThread] S30_HCRB10:开始加载上网格文件D:\lab\vnpy_Lei\vnpy\trader\app\ctaStrategy\data\S30_HCRB10_dnGrids.json
INFO: [2018-10-01 12:16:07.117][ctaEngine.py:582][124904:MainThread] S30_HCRB10:网格保存文件D:\lab\vnpy_Lei\vnpy\trader\app\ctaStrategy\data\S30_HCRB10_dnGrids.json不存在
INFO: [2018-10-01 12:16:07.117][ctaEngine.py:582][124904:MainThread] S30_HCRB10:下网格10~-35初始化完成
INFO: [2018-10-01 12:16:07.119][ctaEngine.py:582][124904:MainThread] S30_HCRB10:__initGrids(),初始化网格完成
INFO: [2018-10-01 12:16:07.119][ctaEngine.py:582][124904:MainThread] S30_HCRB10:策略初始化完成
INFO: [2018-10-01 12:16:07.121][ctaEngine.py:582][124904:MainThread] 添加合约hc1710与策略的匹配目录
INFO: [2018-10-01 12:16:07.121][ctaEngine.py:582][124904:MainThread] 向gateway订阅合约hc1710
INFO: [2018-10-01 12:16:07.121][ctaEngine.py:582][124904:MainThread] 添加合约rb1710与策略的匹配目录
INFO: [2018-10-01 12:16:07.121][ctaEngine.py:582][124904:MainThread] 向gateway订阅合约rb1710
INFO: [2018-10-01 12:16:07.121][vtEngine.py:225][124904:MainThread] 数据查询失败，MongoDB没有连接
INFO: [2018-10-01 12:16:07.121][vtEngine.py:225][124904:MainThread] 数据查询失败，MongoDB没有连接
INFO: [2018-10-01 12:16:07.628][ctaEngine.py:582][124904:MainThread] 策略加载成功
INFO: [2018-10-01 12:16:18.684][ctaEngine.py:582][124904:MainThread] S30_RB1001:清除所有持仓状态
INFO: [2018-10-01 12:16:18.686][ctaEngine.py:582][124904:MainThread] S30_RB1001:保存下网格
INFO: [2018-10-01 12:16:18.690][ctaEngine.py:582][124904:MainThread] S30_RB1001:保存上网格
INFO: [2018-10-01 12:16:18.696][ctaEngine.py:582][124904:MainThread] S30_RB1001:停止
INFO: [2018-10-01 12:16:18.697][ctaEngine.py:582][124904:MainThread] S30_HCRB10:清除所有持仓状态
INFO: [2018-10-01 12:16:18.697][ctaEngine.py:582][124904:MainThread] S30_HCRB10:保存下网格
INFO: [2018-10-01 12:16:18.703][ctaEngine.py:582][124904:MainThread] S30_HCRB10:保存上网格
INFO: [2018-10-01 12:16:18.709][ctaEngine.py:582][124904:MainThread] S30_HCRB10:停止
INFO: [2018-10-01 12:16:28.434][ctaEngine.py:582][124904:MainThread] S30_RB1001:启动
INFO: [2018-10-01 12:16:28.434][ctaEngine.py:582][124904:MainThread] S30_HCRB10:启动
INFO: [2018-10-01 12:16:30.486][ctaEngine.py:582][124904:MainThread] S30_RB1001:清除所有持仓状态
INFO: [2018-10-01 12:16:30.486][ctaEngine.py:582][124904:MainThread] S30_RB1001:保存下网格
INFO: [2018-10-01 12:16:30.490][ctaEngine.py:582][124904:MainThread] S30_RB1001:保存上网格
INFO: [2018-10-01 12:16:30.493][ctaEngine.py:582][124904:MainThread] S30_RB1001:停止
INFO: [2018-10-01 12:16:30.493][ctaEngine.py:582][124904:MainThread] S30_HCRB10:清除所有持仓状态
INFO: [2018-10-01 12:16:30.493][ctaEngine.py:582][124904:MainThread] S30_HCRB10:保存下网格
INFO: [2018-10-01 12:16:30.497][ctaEngine.py:582][124904:MainThread] S30_HCRB10:保存上网格
INFO: [2018-10-01 12:16:30.500][ctaEngine.py:582][124904:MainThread] S30_HCRB10:停止
INFO: [2018-10-01 12:16:55.585][vtEngine.py:225][124904:MainThread] MongoDB连接成功
