INFO: [2018-10-01 11:19:37.230][vtEngine.py:225][123592:MainThread] 接口不存在：SGIT
INFO: [2018-10-01 11:19:37.230][vtEngine.py:225][123592:MainThread] 接口不存在：SGIT
INFO: [2018-10-01 11:19:37.230][vtEngine.py:225][123592:MainThread] 接口不存在：SGIT
INFO: [2018-10-01 11:19:37.230][vtEngine.py:225][123592:MainThread] 接口不存在：SGIT
INFO: [2018-10-01 11:19:52.947][ctaEngine.py:582][123592:MainThread] CTA引擎启动成功
INFO: [2018-10-01 11:20:01.730][ctaEngine.py:582][123592:MainThread] StrategyName:基类设置参数
INFO: [2018-10-01 11:20:01.730][ctaEngine.py:582][123592:MainThread] S30_RB1001:策略初始化
INFO: [2018-10-01 11:20:01.730][ctaEngine.py:582][123592:MainThread] S30_RB1001:__initGrids(),初始化网格交易器
INFO: [2018-10-01 11:20:01.730][ctaEngine.py:582][123592:MainThread] S30_RB1001:初始化网格队列，upline:300,dnline:-300
INFO: [2018-10-01 11:20:01.732][ctaEngine.py:582][123592:MainThread] S30_RB1001:开始加载上网格文件D:\ArcticFox\project\vnpy-master\vnpy\trader\app\ctaStrategy\data\S30_RB1001_upGrids.json
INFO: [2018-10-01 11:20:01.747][ctaEngine.py:582][123592:MainThread] S30_RB1001:load Grid:open:300.0,close:295.0,stop:0.0
INFO: [2018-10-01 11:20:01.749][ctaEngine.py:582][123592:MainThread] S30_RB1001:o:300.0/False;c:295.0/False,r:/opentime:None/ordertime:None
INFO: [2018-10-01 11:20:01.749][ctaEngine.py:582][123592:MainThread] S30_RB1001:load Grid:open:303.0,close:298.0,stop:0.0
INFO: [2018-10-01 11:20:01.750][ctaEngine.py:582][123592:MainThread] S30_RB1001:o:303.0/False;c:298.0/False,r:/opentime:None/ordertime:None
INFO: [2018-10-01 11:20:01.750][ctaEngine.py:582][123592:MainThread] S30_RB1001:load Grid:open:306.0,close:301.0,stop:0.0
INFO: [2018-10-01 11:20:01.750][ctaEngine.py:582][123592:MainThread] S30_RB1001:o:306.0/False;c:301.0/False,r:/opentime:None/ordertime:None
INFO: [2018-10-01 11:20:01.750][ctaEngine.py:582][123592:MainThread] S30_RB1001:load Grid:open:309.0,close:304.0,stop:0.0
INFO: [2018-10-01 11:20:01.750][ctaEngine.py:582][123592:MainThread] S30_RB1001:o:309.0/False;c:304.0/False,r:/opentime:None/ordertime:None
INFO: [2018-10-01 11:20:01.752][ctaEngine.py:582][123592:MainThread] S30_RB1001:load Grid:open:312.0,close:307.0,stop:0.0
INFO: [2018-10-01 11:20:01.752][ctaEngine.py:582][123592:MainThread] S30_RB1001:o:312.0/False;c:307.0/False,r:/opentime:None/ordertime:None
INFO: [2018-10-01 11:20:01.752][ctaEngine.py:582][123592:MainThread] S30_RB1001:load Grid:open:315.0,close:310.0,stop:0.0
INFO: [2018-10-01 11:20:01.753][ctaEngine.py:582][123592:MainThread] S30_RB1001:o:315.0/False;c:310.0/False,r:/opentime:None/ordertime:None
INFO: [2018-10-01 11:20:01.753][ctaEngine.py:582][123592:MainThread] S30_RB1001:load Grid:open:318.0,close:313.0,stop:0.0
INFO: [2018-10-01 11:20:01.753][ctaEngine.py:582][123592:MainThread] S30_RB1001:o:318.0/False;c:313.0/False,r:/opentime:None/ordertime:None
INFO: [2018-10-01 11:20:01.753][ctaEngine.py:582][123592:MainThread] S30_RB1001:load Grid:open:321.0,close:316.0,stop:0.0
INFO: [2018-10-01 11:20:01.753][ctaEngine.py:582][123592:MainThread] S30_RB1001:o:321.0/False;c:316.0/False,r:/opentime:None/ordertime:None
INFO: [2018-10-01 11:20:01.753][ctaEngine.py:582][123592:MainThread] S30_RB1001:load Grid:open:324.0,close:319.0,stop:0.0
INFO: [2018-10-01 11:20:01.755][ctaEngine.py:582][123592:MainThread] S30_RB1001:o:324.0/False;c:319.0/False,r:/opentime:None/ordertime:None
INFO: [2018-10-01 11:20:01.755][ctaEngine.py:582][123592:MainThread] S30_RB1001:load Grid:open:327.0,close:322.0,stop:0.0
INFO: [2018-10-01 11:20:01.755][ctaEngine.py:582][123592:MainThread] S30_RB1001:o:327.0/False;c:322.0/False,r:/opentime:None/ordertime:None
INFO: [2018-10-01 11:20:01.756][ctaEngine.py:582][123592:MainThread] S30_RB1001:load Grid:open:330.0,close:325.0,stop:0.0
INFO: [2018-10-01 11:20:01.756][ctaEngine.py:582][123592:MainThread] S30_RB1001:o:330.0/False;c:325.0/False,r:/opentime:None/ordertime:None
INFO: [2018-10-01 11:20:01.756][ctaEngine.py:582][123592:MainThread] S30_RB1001:load Grid:open:333.0,close:328.0,stop:0.0
INFO: [2018-10-01 11:20:01.756][ctaEngine.py:582][123592:MainThread] S30_RB1001:o:333.0/False;c:328.0/False,r:/opentime:None/ordertime:None
INFO: [2018-10-01 11:20:01.759][ctaEngine.py:582][123592:MainThread] S30_RB1001:load Grid:open:336.0,close:331.0,stop:0.0
INFO: [2018-10-01 11:20:01.760][ctaEngine.py:582][123592:MainThread] S30_RB1001:o:336.0/False;c:331.0/False,r:/opentime:None/ordertime:None
INFO: [2018-10-01 11:20:01.763][ctaEngine.py:582][123592:MainThread] S30_RB1001:load Grid:open:339.0,close:334.0,stop:0.0
INFO: [2018-10-01 11:20:01.763][ctaEngine.py:582][123592:MainThread] S30_RB1001:o:339.0/False;c:334.0/False,r:/opentime:None/ordertime:None
INFO: [2018-10-01 11:20:01.765][ctaEngine.py:582][123592:MainThread] S30_RB1001:load Grid:open:342.0,close:337.0,stop:0.0
INFO: [2018-10-01 11:20:01.766][ctaEngine.py:582][123592:MainThread] S30_RB1001:o:342.0/False;c:337.0/False,r:/opentime:None/ordertime:None
INFO: [2018-10-01 11:20:01.766][ctaEngine.py:582][123592:MainThread] S30_RB1001:上网格从文件加载完成
INFO: [2018-10-01 11:20:01.767][ctaEngine.py:582][123592:MainThread] S30_RB1001:开始加载上网格文件D:\ArcticFox\project\vnpy-master\vnpy\trader\app\ctaStrategy\data\S30_RB1001_dnGrids.json
INFO: [2018-10-01 11:20:01.780][ctaEngine.py:582][123592:MainThread] S30_RB1001:load Grid:open:-300.0,close:-295.0,stop:0.0
INFO: [2018-10-01 11:20:01.782][ctaEngine.py:582][123592:MainThread] S30_RB1001:o:-300.0/False;c:-295.0/False,r:/opentime:None/ordertime:None
INFO: [2018-10-01 11:20:01.782][ctaEngine.py:582][123592:MainThread] S30_RB1001:load Grid:open:-303.0,close:-298.0,stop:0.0
INFO: [2018-10-01 11:20:01.782][ctaEngine.py:582][123592:MainThread] S30_RB1001:o:-303.0/False;c:-298.0/False,r:/opentime:None/ordertime:None
INFO: [2018-10-01 11:20:01.782][ctaEngine.py:582][123592:MainThread] S30_RB1001:load Grid:open:-306.0,close:-301.0,stop:0.0
INFO: [2018-10-01 11:20:01.782][ctaEngine.py:582][123592:MainThread] S30_RB1001:o:-306.0/False;c:-301.0/False,r:/opentime:None/ordertime:None
INFO: [2018-10-01 11:20:01.783][ctaEngine.py:582][123592:MainThread] S30_RB1001:load Grid:open:-309.0,close:-304.0,stop:0.0
INFO: [2018-10-01 11:20:01.783][ctaEngine.py:582][123592:MainThread] S30_RB1001:o:-309.0/False;c:-304.0/False,r:/opentime:None/ordertime:None
INFO: [2018-10-01 11:20:01.783][ctaEngine.py:582][123592:MainThread] S30_RB1001:load Grid:open:-312.0,close:-307.0,stop:0.0
INFO: [2018-10-01 11:20:01.785][ctaEngine.py:582][123592:MainThread] S30_RB1001:o:-312.0/False;c:-307.0/False,r:/opentime:None/ordertime:None
INFO: [2018-10-01 11:20:01.785][ctaEngine.py:582][123592:MainThread] S30_RB1001:load Grid:open:-315.0,close:-310.0,stop:0.0
INFO: [2018-10-01 11:20:01.785][ctaEngine.py:582][123592:MainThread] S30_RB1001:o:-315.0/False;c:-310.0/False,r:/opentime:None/ordertime:None
INFO: [2018-10-01 11:20:01.786][ctaEngine.py:582][123592:MainThread] S30_RB1001:load Grid:open:-318.0,close:-313.0,stop:0.0
INFO: [2018-10-01 11:20:01.786][ctaEngine.py:582][123592:MainThread] S30_RB1001:o:-318.0/False;c:-313.0/False,r:/opentime:None/ordertime:None
INFO: [2018-10-01 11:20:01.786][ctaEngine.py:582][123592:MainThread] S30_RB1001:load Grid:open:-321.0,close:-316.0,stop:0.0
INFO: [2018-10-01 11:20:01.786][ctaEngine.py:582][123592:MainThread] S30_RB1001:o:-321.0/False;c:-316.0/False,r:/opentime:None/ordertime:None
INFO: [2018-10-01 11:20:01.786][ctaEngine.py:582][123592:MainThread] S30_RB1001:load Grid:open:-324.0,close:-319.0,stop:0.0
INFO: [2018-10-01 11:20:01.788][ctaEngine.py:582][123592:MainThread] S30_RB1001:o:-324.0/False;c:-319.0/False,r:/opentime:None/ordertime:None
INFO: [2018-10-01 11:20:01.788][ctaEngine.py:582][123592:MainThread] S30_RB1001:load Grid:open:-327.0,close:-322.0,stop:0.0
INFO: [2018-10-01 11:20:01.789][ctaEngine.py:582][123592:MainThread] S30_RB1001:o:-327.0/False;c:-322.0/False,r:/opentime:None/ordertime:None
INFO: [2018-10-01 11:20:01.790][ctaEngine.py:582][123592:MainThread] S30_RB1001:load Grid:open:-330.0,close:-325.0,stop:0.0
INFO: [2018-10-01 11:20:01.792][ctaEngine.py:582][123592:MainThread] S30_RB1001:o:-330.0/False;c:-325.0/False,r:/opentime:None/ordertime:None
INFO: [2018-10-01 11:20:01.795][ctaEngine.py:582][123592:MainThread] S30_RB1001:load Grid:open:-333.0,close:-328.0,stop:0.0
INFO: [2018-10-01 11:20:01.796][ctaEngine.py:582][123592:MainThread] S30_RB1001:o:-333.0/False;c:-328.0/False,r:/opentime:None/ordertime:None
INFO: [2018-10-01 11:20:01.798][ctaEngine.py:582][123592:MainThread] S30_RB1001:load Grid:open:-336.0,close:-331.0,stop:0.0
INFO: [2018-10-01 11:20:01.799][ctaEngine.py:582][123592:MainThread] S30_RB1001:o:-336.0/False;c:-331.0/False,r:/opentime:None/ordertime:None
INFO: [2018-10-01 11:20:01.799][ctaEngine.py:582][123592:MainThread] S30_RB1001:load Grid:open:-339.0,close:-334.0,stop:0.0
INFO: [2018-10-01 11:20:01.802][ctaEngine.py:582][123592:MainThread] S30_RB1001:o:-339.0/False;c:-334.0/False,r:/opentime:None/ordertime:None
INFO: [2018-10-01 11:20:01.802][ctaEngine.py:582][123592:MainThread] S30_RB1001:load Grid:open:-342.0,close:-337.0,stop:0.0
INFO: [2018-10-01 11:20:01.802][ctaEngine.py:582][123592:MainThread] S30_RB1001:o:-342.0/False;c:-337.0/False,r:/opentime:None/ordertime:None
INFO: [2018-10-01 11:20:01.802][ctaEngine.py:582][123592:MainThread] S30_RB1001:下网格从文件加载完成
INFO: [2018-10-01 11:20:01.803][ctaEngine.py:582][123592:MainThread] S30_RB1001:__initGrids(),初始化网格完成
INFO: [2018-10-01 11:20:01.805][ctaEngine.py:582][123592:MainThread] S30_RB1001:策略初始化完成
INFO: [2018-10-01 11:20:01.805][ctaEngine.py:582][123592:MainThread] 添加合约rb1710与策略的匹配目录
INFO: [2018-10-01 11:20:01.805][ctaEngine.py:582][123592:MainThread] 向gateway订阅合约rb1710
INFO: [2018-10-01 11:20:01.805][ctaEngine.py:582][123592:MainThread] 添加合约rb1801与策略的匹配目录
INFO: [2018-10-01 11:20:01.805][ctaEngine.py:582][123592:MainThread] 向gateway订阅合约rb1801
INFO: [2018-10-01 11:20:01.805][ctaEngine.py:582][123592:MainThread] StrategyName:基类设置参数
INFO: [2018-10-01 11:20:01.806][ctaEngine.py:582][123592:MainThread] S30_HCRB10:策略初始化
INFO: [2018-10-01 11:20:01.808][ctaEngine.py:582][123592:MainThread] S30_HCRB10:__initGrids(),初始化网格交易器
INFO: [2018-10-01 11:20:01.809][ctaEngine.py:582][123592:MainThread] S30_HCRB10:初始化网格队列，upline:300,dnline:10
INFO: [2018-10-01 11:20:01.809][ctaEngine.py:582][123592:MainThread] S30_HCRB10:开始加载上网格文件D:\ArcticFox\project\vnpy-master\vnpy\trader\app\ctaStrategy\data\S30_HCRB10_upGrids.json
INFO: [2018-10-01 11:20:01.822][ctaEngine.py:582][123592:MainThread] S30_HCRB10:load Grid:open:300.0,close:295.0,stop:0.0
INFO: [2018-10-01 11:20:01.822][ctaEngine.py:582][123592:MainThread] S30_HCRB10:o:300.0/False;c:295.0/False,r:/opentime:None/ordertime:None
INFO: [2018-10-01 11:20:01.822][ctaEngine.py:582][123592:MainThread] S30_HCRB10:load Grid:open:303.0,close:298.0,stop:0.0
INFO: [2018-10-01 11:20:01.822][ctaEngine.py:582][123592:MainThread] S30_HCRB10:o:303.0/False;c:298.0/False,r:/opentime:None/ordertime:None
INFO: [2018-10-01 11:20:01.823][ctaEngine.py:582][123592:MainThread] S30_HCRB10:load Grid:open:306.0,close:301.0,stop:0.0
INFO: [2018-10-01 11:20:01.823][ctaEngine.py:582][123592:MainThread] S30_HCRB10:o:306.0/False;c:301.0/False,r:/opentime:None/ordertime:None
INFO: [2018-10-01 11:20:01.823][ctaEngine.py:582][123592:MainThread] S30_HCRB10:load Grid:open:309.0,close:304.0,stop:0.0
INFO: [2018-10-01 11:20:01.823][ctaEngine.py:582][123592:MainThread] S30_HCRB10:o:309.0/False;c:304.0/False,r:/opentime:None/ordertime:None
INFO: [2018-10-01 11:20:01.823][ctaEngine.py:582][123592:MainThread] S30_HCRB10:load Grid:open:312.0,close:307.0,stop:0.0
INFO: [2018-10-01 11:20:01.825][ctaEngine.py:582][123592:MainThread] S30_HCRB10:o:312.0/False;c:307.0/False,r:/opentime:None/ordertime:None
INFO: [2018-10-01 11:20:01.825][ctaEngine.py:582][123592:MainThread] S30_HCRB10:load Grid:open:315.0,close:310.0,stop:0.0
INFO: [2018-10-01 11:20:01.825][ctaEngine.py:582][123592:MainThread] S30_HCRB10:o:315.0/False;c:310.0/False,r:/opentime:None/ordertime:None
INFO: [2018-10-01 11:20:01.825][ctaEngine.py:582][123592:MainThread] S30_HCRB10:load Grid:open:318.0,close:313.0,stop:0.0
INFO: [2018-10-01 11:20:01.825][ctaEngine.py:582][123592:MainThread] S30_HCRB10:o:318.0/False;c:313.0/False,r:/opentime:None/ordertime:None
INFO: [2018-10-01 11:20:01.825][ctaEngine.py:582][123592:MainThread] S30_HCRB10:load Grid:open:321.0,close:316.0,stop:0.0
INFO: [2018-10-01 11:20:01.825][ctaEngine.py:582][123592:MainThread] S30_HCRB10:o:321.0/False;c:316.0/False,r:/opentime:None/ordertime:None
INFO: [2018-10-01 11:20:01.826][ctaEngine.py:582][123592:MainThread] S30_HCRB10:load Grid:open:324.0,close:319.0,stop:0.0
INFO: [2018-10-01 11:20:01.826][ctaEngine.py:582][123592:MainThread] S30_HCRB10:o:324.0/False;c:319.0/False,r:/opentime:None/ordertime:None
INFO: [2018-10-01 11:20:01.826][ctaEngine.py:582][123592:MainThread] S30_HCRB10:load Grid:open:327.0,close:322.0,stop:0.0
INFO: [2018-10-01 11:20:01.826][ctaEngine.py:582][123592:MainThread] S30_HCRB10:o:327.0/False;c:322.0/False,r:/opentime:None/ordertime:None
INFO: [2018-10-01 11:20:01.828][ctaEngine.py:582][123592:MainThread] S30_HCRB10:load Grid:open:330.0,close:325.0,stop:0.0
INFO: [2018-10-01 11:20:01.828][ctaEngine.py:582][123592:MainThread] S30_HCRB10:o:330.0/False;c:325.0/False,r:/opentime:None/ordertime:None
INFO: [2018-10-01 11:20:01.828][ctaEngine.py:582][123592:MainThread] S30_HCRB10:load Grid:open:333.0,close:328.0,stop:0.0
INFO: [2018-10-01 11:20:01.828][ctaEngine.py:582][123592:MainThread] S30_HCRB10:o:333.0/False;c:328.0/False,r:/opentime:None/ordertime:None
INFO: [2018-10-01 11:20:01.828][ctaEngine.py:582][123592:MainThread] S30_HCRB10:load Grid:open:336.0,close:331.0,stop:0.0
INFO: [2018-10-01 11:20:01.828][ctaEngine.py:582][123592:MainThread] S30_HCRB10:o:336.0/False;c:331.0/False,r:/opentime:None/ordertime:None
INFO: [2018-10-01 11:20:01.828][ctaEngine.py:582][123592:MainThread] S30_HCRB10:load Grid:open:339.0,close:334.0,stop:0.0
INFO: [2018-10-01 11:20:01.828][ctaEngine.py:582][123592:MainThread] S30_HCRB10:o:339.0/False;c:334.0/False,r:/opentime:None/ordertime:None
INFO: [2018-10-01 11:20:01.829][ctaEngine.py:582][123592:MainThread] S30_HCRB10:load Grid:open:342.0,close:337.0,stop:0.0
INFO: [2018-10-01 11:20:01.832][ctaEngine.py:582][123592:MainThread] S30_HCRB10:o:342.0/False;c:337.0/False,r:/opentime:None/ordertime:None
INFO: [2018-10-01 11:20:01.832][ctaEngine.py:582][123592:MainThread] S30_HCRB10:上网格从文件加载完成
INFO: [2018-10-01 11:20:01.832][ctaEngine.py:582][123592:MainThread] S30_HCRB10:开始加载上网格文件D:\ArcticFox\project\vnpy-master\vnpy\trader\app\ctaStrategy\data\S30_HCRB10_dnGrids.json
INFO: [2018-10-01 11:20:01.838][ctaEngine.py:582][123592:MainThread] S30_HCRB10:load Grid:open:10.0,close:15.0,stop:0.0
INFO: [2018-10-01 11:20:01.839][ctaEngine.py:582][123592:MainThread] S30_HCRB10:o:10.0/False;c:15.0/False,r:/opentime:None/ordertime:None
INFO: [2018-10-01 11:20:01.839][ctaEngine.py:582][123592:MainThread] S30_HCRB10:load Grid:open:7.0,close:12.0,stop:0.0
INFO: [2018-10-01 11:20:01.839][ctaEngine.py:582][123592:MainThread] S30_HCRB10:o:7.0/False;c:12.0/False,r:/opentime:None/ordertime:None
INFO: [2018-10-01 11:20:01.839][ctaEngine.py:582][123592:MainThread] S30_HCRB10:load Grid:open:4.0,close:9.0,stop:0.0
INFO: [2018-10-01 11:20:01.841][ctaEngine.py:582][123592:MainThread] S30_HCRB10:o:4.0/False;c:9.0/False,r:/opentime:None/ordertime:None
INFO: [2018-10-01 11:20:01.841][ctaEngine.py:582][123592:MainThread] S30_HCRB10:load Grid:open:1.0,close:6.0,stop:0.0
INFO: [2018-10-01 11:20:01.841][ctaEngine.py:582][123592:MainThread] S30_HCRB10:o:1.0/False;c:6.0/False,r:/opentime:None/ordertime:None
INFO: [2018-10-01 11:20:01.841][ctaEngine.py:582][123592:MainThread] S30_HCRB10:load Grid:open:-2.0,close:3.0,stop:0.0
INFO: [2018-10-01 11:20:01.841][ctaEngine.py:582][123592:MainThread] S30_HCRB10:o:-2.0/False;c:3.0/False,r:/opentime:None/ordertime:None
INFO: [2018-10-01 11:20:01.841][ctaEngine.py:582][123592:MainThread] S30_HCRB10:load Grid:open:-5.0,close:0.0,stop:0.0
INFO: [2018-10-01 11:20:01.842][ctaEngine.py:582][123592:MainThread] S30_HCRB10:o:-5.0/False;c:0.0/False,r:/opentime:None/ordertime:None
INFO: [2018-10-01 11:20:01.842][ctaEngine.py:582][123592:MainThread] S30_HCRB10:load Grid:open:-8.0,close:-3.0,stop:0.0
INFO: [2018-10-01 11:20:01.845][ctaEngine.py:582][123592:MainThread] S30_HCRB10:o:-8.0/False;c:-3.0/False,r:/opentime:None/ordertime:None
INFO: [2018-10-01 11:20:01.845][ctaEngine.py:582][123592:MainThread] S30_HCRB10:load Grid:open:-11.0,close:-6.0,stop:0.0
INFO: [2018-10-01 11:20:01.846][ctaEngine.py:582][123592:MainThread] S30_HCRB10:o:-11.0/False;c:-6.0/False,r:/opentime:None/ordertime:None
INFO: [2018-10-01 11:20:01.846][ctaEngine.py:582][123592:MainThread] S30_HCRB10:load Grid:open:-14.0,close:-9.0,stop:0.0
INFO: [2018-10-01 11:20:01.848][ctaEngine.py:582][123592:MainThread] S30_HCRB10:o:-14.0/False;c:-9.0/False,r:/opentime:None/ordertime:None
INFO: [2018-10-01 11:20:01.848][ctaEngine.py:582][123592:MainThread] S30_HCRB10:load Grid:open:-17.0,close:-12.0,stop:0.0
INFO: [2018-10-01 11:20:01.848][ctaEngine.py:582][123592:MainThread] S30_HCRB10:o:-17.0/False;c:-12.0/False,r:/opentime:None/ordertime:None
INFO: [2018-10-01 11:20:01.848][ctaEngine.py:582][123592:MainThread] S30_HCRB10:load Grid:open:-20.0,close:-15.0,stop:0.0
INFO: [2018-10-01 11:20:01.848][ctaEngine.py:582][123592:MainThread] S30_HCRB10:o:-20.0/False;c:-15.0/False,r:/opentime:None/ordertime:None
INFO: [2018-10-01 11:20:01.849][ctaEngine.py:582][123592:MainThread] S30_HCRB10:load Grid:open:-23.0,close:-18.0,stop:0.0
INFO: [2018-10-01 11:20:01.849][ctaEngine.py:582][123592:MainThread] S30_HCRB10:o:-23.0/False;c:-18.0/False,r:/opentime:None/ordertime:None
INFO: [2018-10-01 11:20:01.849][ctaEngine.py:582][123592:MainThread] S30_HCRB10:load Grid:open:-26.0,close:-21.0,stop:0.0
INFO: [2018-10-01 11:20:01.849][ctaEngine.py:582][123592:MainThread] S30_HCRB10:o:-26.0/False;c:-21.0/False,r:/opentime:None/ordertime:None
INFO: [2018-10-01 11:20:01.849][ctaEngine.py:582][123592:MainThread] S30_HCRB10:load Grid:open:-29.0,close:-24.0,stop:0.0
INFO: [2018-10-01 11:20:01.851][ctaEngine.py:582][123592:MainThread] S30_HCRB10:o:-29.0/False;c:-24.0/False,r:/opentime:None/ordertime:None
INFO: [2018-10-01 11:20:01.851][ctaEngine.py:582][123592:MainThread] S30_HCRB10:load Grid:open:-32.0,close:-27.0,stop:0.0
INFO: [2018-10-01 11:20:01.852][ctaEngine.py:582][123592:MainThread] S30_HCRB10:o:-32.0/False;c:-27.0/False,r:/opentime:None/ordertime:None
INFO: [2018-10-01 11:20:01.854][ctaEngine.py:582][123592:MainThread] S30_HCRB10:下网格从文件加载完成
INFO: [2018-10-01 11:20:01.854][ctaEngine.py:582][123592:MainThread] S30_HCRB10:__initGrids(),初始化网格完成
INFO: [2018-10-01 11:20:01.854][ctaEngine.py:582][123592:MainThread] S30_HCRB10:策略初始化完成
INFO: [2018-10-01 11:20:01.855][ctaEngine.py:582][123592:MainThread] 添加合约hc1710与策略的匹配目录
INFO: [2018-10-01 11:20:01.855][ctaEngine.py:582][123592:MainThread] 向gateway订阅合约hc1710
INFO: [2018-10-01 11:20:01.855][ctaEngine.py:582][123592:MainThread] 添加合约rb1710与策略的匹配目录
INFO: [2018-10-01 11:20:01.855][ctaEngine.py:582][123592:MainThread] 向gateway订阅合约rb1710
INFO: [2018-10-01 11:20:01.855][vtEngine.py:225][123592:MainThread] 数据查询失败，MongoDB没有连接
INFO: [2018-10-01 11:20:01.855][vtEngine.py:225][123592:MainThread] 数据查询失败，MongoDB没有连接
INFO: [2018-10-01 11:20:02.391][ctaEngine.py:582][123592:MainThread] 策略加载成功
INFO: [2018-10-01 11:20:46.984][ctaEngine.py:582][123592:MainThread] S30_RB1001:清除所有持仓状态
INFO: [2018-10-01 11:20:46.986][ctaEngine.py:582][123592:MainThread] S30_RB1001:保存下网格
INFO: [2018-10-01 11:20:46.987][ctaEngine.py:582][123592:MainThread] S30_RB1001:保存上网格
INFO: [2018-10-01 11:20:46.990][ctaEngine.py:582][123592:MainThread] S30_RB1001:停止
INFO: [2018-10-01 11:20:46.990][ctaEngine.py:582][123592:MainThread] S30_HCRB10:清除所有持仓状态
INFO: [2018-10-01 11:20:46.990][ctaEngine.py:582][123592:MainThread] S30_HCRB10:保存下网格
INFO: [2018-10-01 11:20:46.992][ctaEngine.py:582][123592:MainThread] S30_HCRB10:保存上网格
INFO: [2018-10-01 11:20:46.993][ctaEngine.py:582][123592:MainThread] S30_HCRB10:停止
